# JRE version: OpenJDK Runtime Environment Temurin-17.0.2+8 (17.0.2+8) (build 17.0.2+8)
# Java VM: OpenJDK 64-Bit Server VM Temurin-17.0.2+8 (17.0.2+8, mixed mode, emulated-client, tiered, compressed oops, compressed class ptrs, g1 gc, windows-amd64)
GC Precious Log:
 CPUs: 12 total, 12 available
 Memory: 16215M
 Large Page Support: Disabled
 NUMA Support: Disabled
 Compressed Oops: Enabled (Zero based)
 Heap Region Size: 2M
 Heap Min Capacity: 8M
 Heap Initial Capacity: 254M
 Heap Max Capacity: 4054M
 Pre-touch: Disabled
 Parallel Workers: 10
 Concurrent Workers: 3
 Concurrent Refinement Workers: 10
 Periodic GC: Disabled
Heap:
 garbage-first heap   total 81920K, used 52015K [0x0000000702a00000, 0x0000000800000000)
  region size 2048K, 17 young (34816K), 3 survivors (6144K)
 Metaspace       used 70901K, committed 71360K, reserved 1114112K
  class space    used 9546K, committed 9728K, reserved 1048576K
GC Heap History (20 events):
Event: 1.867 GC heap before
{Heap before GC invocations=11 (full 0):
 garbage-first heap   total 69632K, used 17089K [0x0000000702a00000, 0x0000000800000000)
  region size 2048K, 5 young (10240K), 4 survivors (8192K)
 Metaspace       used 39499K, committed 39936K, reserved 1089536K
  class space    used 4997K, committed 5184K, reserved 1048576K
}
Event: 1.870 GC heap after
{Heap after GC invocations=12 (full 0):
 garbage-first heap   total 69632K, used 17851K [0x0000000702a00000, 0x0000000800000000)
  region size 2048K, 1 young (2048K), 1 survivors (2048K)
 Metaspace       used 39499K, committed 39936K, reserved 1089536K
  class space    used 4997K, committed 5184K, reserved 1048576K
}
Event: 2.037 GC heap before
{Heap before GC invocations=12 (full 0):
 garbage-first heap   total 69632K, used 50619K [0x0000000702a00000, 0x0000000800000000)
  region size 2048K, 17 young (34816K), 1 survivors (2048K)
 Metaspace       used 41966K, committed 42368K, reserved 1089536K
  class space    used 5288K, committed 5504K, reserved 1048576K
}
Event: 2.038 GC heap after
{Heap after GC invocations=13 (full 0):
 garbage-first heap   total 131072K, used 17545K [0x0000000702a00000, 0x0000000800000000)
  region size 2048K, 1 young (2048K), 1 survivors (2048K)
 Metaspace       used 41966K, committed 42368K, reserved 1089536K
  class space    used 5288K, committed 5504K, reserved 1048576K
}
Event: 2.448 GC heap before
{Heap before GC invocations=13 (full 0):
 garbage-first heap   total 131072K, used 93321K [0x0000000702a00000, 0x0000000800000000)
  region size 2048K, 38 young (77824K), 1 survivors (2048K)
 Metaspace       used 49555K, committed 49984K, reserved 1097728K
  class space    used 6505K, committed 6720K, reserved 1048576K
}
Event: 2.450 GC heap after
{Heap after GC invocations=14 (full 0):
 garbage-first heap   total 131072K, used 18872K [0x0000000702a00000, 0x0000000800000000)
  region size 2048K, 2 young (4096K), 2 survivors (4096K)
 Metaspace       used 49555K, committed 49984K, reserved 1097728K
  class space    used 6505K, committed 6720K, reserved 1048576K
}
Event: 2.828 GC heap before
{Heap before GC invocations=14 (full 0):
 garbage-first heap   total 131072K, used 92600K [0x0000000702a00000, 0x0000000800000000)
  region size 2048K, 38 young (77824K), 2 survivors (4096K)
 Metaspace       used 56075K, committed 56448K, reserved 1097728K
  class space    used 7489K, committed 7680K, reserved 1048576K
}
Event: 2.830 GC heap after
{Heap after GC invocations=15 (full 0):
 garbage-first heap   total 131072K, used 20588K [0x0000000702a00000, 0x0000000800000000)
  region size 2048K, 2 young (4096K), 2 survivors (4096K)
 Metaspace       used 56075K, committed 56448K, reserved 1097728K
  class space    used 7489K, committed 7680K, reserved 1048576K
}
Event: 3.109 GC heap before
{Heap before GC invocations=15 (full 0):
 garbage-first heap   total 131072K, used 67692K [0x0000000702a00000, 0x0000000800000000)
  region size 2048K, 26 young (53248K), 2 survivors (4096K)
 Metaspace       used 60232K, committed 60608K, reserved 1105920K
  class space    used 8083K, committed 8256K, reserved 1048576K
}
Event: 3.112 GC heap after
{Heap after GC invocations=16 (full 0):
 garbage-first heap   total 131072K, used 22374K [0x0000000702a00000, 0x0000000800000000)
  region size 2048K, 3 young (6144K), 3 survivors (6144K)
 Metaspace       used 60232K, committed 60608K, reserved 1105920K
  class space    used 8083K, committed 8256K, reserved 1048576K
}
Event: 3.417 GC heap before
{Heap before GC invocations=17 (full 0):
 garbage-first heap   total 90112K, used 75622K [0x0000000702a00000, 0x0000000800000000)
  region size 2048K, 30 young (61440K), 3 survivors (6144K)
 Metaspace       used 64201K, committed 64640K, reserved 1105920K
  class space    used 8656K, committed 8832K, reserved 1048576K
}
Event: 3.421 GC heap after
{Heap after GC invocations=18 (full 0):
 garbage-first heap   total 90112K, used 24924K [0x0000000702a00000, 0x0000000800000000)
  region size 2048K, 4 young (8192K), 4 survivors (8192K)
 Metaspace       used 64201K, committed 64640K, reserved 1105920K
  class space    used 8656K, committed 8832K, reserved 1048576K
}
Event: 102.165 GC heap before
{Heap before GC invocations=18 (full 0):
 garbage-first heap   total 90112K, used 67932K [0x0000000702a00000, 0x0000000800000000)
  region size 2048K, 25 young (51200K), 4 survivors (8192K)
 Metaspace       used 67536K, committed 68032K, reserved 1114112K
  class space    used 9107K, committed 9344K, reserved 1048576K
}
Event: 102.170 GC heap after
{Heap after GC invocations=19 (full 0):
 garbage-first heap   total 90112K, used 26716K [0x0000000702a00000, 0x0000000800000000)
  region size 2048K, 3 young (6144K), 3 survivors (6144K)
 Metaspace       used 67536K, committed 68032K, reserved 1114112K
  class space    used 9107K, committed 9344K, reserved 1048576K
}
Event: 300.711 GC heap before
{Heap before GC invocations=19 (full 0):
 garbage-first heap   total 90112K, used 69724K [0x0000000702a00000, 0x0000000800000000)
  region size 2048K, 24 young (49152K), 3 survivors (6144K)
 Metaspace       used 70596K, committed 71040K, reserved 1114112K
  class space    used 9502K, committed 9728K, reserved 1048576K
}
Event: 300.714 GC heap after
{Heap after GC invocations=20 (full 0):
 garbage-first heap   total 90112K, used 29010K [0x0000000702a00000, 0x0000000800000000)
  region size 2048K, 3 young (6144K), 3 survivors (6144K)
 Metaspace       used 70596K, committed 71040K, reserved 1114112K
  class space    used 9502K, committed 9728K, reserved 1048576K
}
Event: 311.342 GC heap before
{Heap before GC invocations=20 (full 0):
 garbage-first heap   total 90112K, used 31058K [0x0000000702a00000, 0x0000000800000000)
  region size 2048K, 5 young (10240K), 3 survivors (6144K)
 Metaspace       used 70690K, committed 71168K, reserved 1114112K
  class space    used 9525K, committed 9728K, reserved 1048576K
}
Event: 311.369 GC heap after
{Heap after GC invocations=21 (full 1):
 garbage-first heap   total 81920K, used 21216K [0x0000000702a00000, 0x0000000800000000)
  region size 2048K, 0 young (0K), 0 survivors (0K)
 Metaspace       used 70516K, committed 71168K, reserved 1114112K
  class space    used 9488K, committed 9728K, reserved 1048576K
}
Event: 311.730 GC heap before
{Heap before GC invocations=21 (full 1):
 garbage-first heap   total 81920K, used 62176K [0x0000000702a00000, 0x0000000800000000)
  region size 2048K, 20 young (40960K), 0 survivors (0K)
 Metaspace       used 70664K, committed 71168K, reserved 1114112K
  class space    used 9523K, committed 9728K, reserved 1048576K
}
Event: 311.732 GC heap after
{Heap after GC invocations=22 (full 1):
 garbage-first heap   total 81920K, used 25391K [0x0000000702a00000, 0x0000000800000000)
  region size 2048K, 3 young (6144K), 3 survivors (6144K)
 Metaspace       used 70664K, committed 71168K, reserved 1114112K
  class space    used 9523K, committed 9728K, reserved 1048576K
}

